<?xml version="1.0" encoding="UTF-8"?>
<testng-results ignored="0" total="2" passed="2" failed="0" skipped="0">
  <reporter-output>
  </reporter-output>
  <suite started-at="2025-09-20T16:13:45 IST" name="Default suite" finished-at="2025-09-20T16:14:30 IST" duration-ms="44811">
    <groups>
      <group name="smoke">
        <method signature="FormTests.test1()[pri:0, instance:evasel.FormTests@179ece50]" name="test1" class="evasel.FormTests"/>
        <method signature="FormTests.test2()[pri:0, instance:evasel.FormTests@179ece50]" name="test2" class="evasel.FormTests"/>
      </group> <!-- smoke -->
    </groups>
    <test started-at="2025-09-20T16:13:45 IST" name="Default test" finished-at="2025-09-20T16:14:30 IST" duration-ms="44811">
      <class name="evasel.FormTests">
        <test-method is-config="true" signature="setup()[pri:0, instance:evasel.FormTests@179ece50]" started-at="2025-09-20T16:13:45 IST" name="setup" finished-at="2025-09-20T16:13:46 IST" duration-ms="1445" status="PASS">
          <reporter-output>
          </reporter-output>
        </test-method> <!-- setup -->
        <test-method signature="test1()[pri:0, instance:evasel.FormTests@179ece50]" started-at="2025-09-20T16:13:46 IST" name="test1" finished-at="2025-09-20T16:14:18 IST" duration-ms="31600" status="PASS">
          <reporter-output>
          </reporter-output>
        </test-method> <!-- test1 -->
        <test-method is-config="true" signature="close()[pri:0, instance:evasel.FormTests@179ece50]" started-at="2025-09-20T16:14:18 IST" name="close" finished-at="2025-09-20T16:14:18 IST" duration-ms="315" status="PASS">
          <reporter-output>
          </reporter-output>
        </test-method> <!-- close -->
        <test-method is-config="true" signature="setup()[pri:0, instance:evasel.FormTests@179ece50]" started-at="2025-09-20T16:14:18 IST" name="setup" finished-at="2025-09-20T16:14:19 IST" duration-ms="836" status="PASS">
          <reporter-output>
          </reporter-output>
        </test-method> <!-- setup -->
        <test-method signature="test2()[pri:0, instance:evasel.FormTests@179ece50]" started-at="2025-09-20T16:14:19 IST" name="test2" finished-at="2025-09-20T16:14:29 IST" duration-ms="10352" status="PASS">
          <reporter-output>
          </reporter-output>
        </test-method> <!-- test2 -->
        <test-method is-config="true" signature="close()[pri:0, instance:evasel.FormTests@179ece50]" started-at="2025-09-20T16:14:29 IST" name="close" finished-at="2025-09-20T16:14:30 IST" duration-ms="202" status="PASS">
          <reporter-output>
          </reporter-output>
        </test-method> <!-- close -->
      </class> <!-- evasel.FormTests -->
    </test> <!-- Default test -->
  </suite> <!-- Default suite -->
</testng-results>
